0 info it worked if it ends with ok
1 verbose cli [ 'C:\\Program Files\\nodejs\\node.exe',
1 verbose cli   'C:\\Program Files\\nodejs\\node_modules\\npm\\bin\\npm-cli.js',
1 verbose cli   'run',
1 verbose cli   'watch' ]
2 info using npm@3.10.8
3 info using node@v7.0.0
4 verbose run-script [ 'prewatch', 'watch', 'postwatch' ]
5 info lifecycle cha5app@1.0.0~prewatch: cha5app@1.0.0
6 silly lifecycle cha5app@1.0.0~prewatch: no script for prewatch, continuing
7 info lifecycle cha5app@1.0.0~watch: cha5app@1.0.0
8 verbose lifecycle cha5app@1.0.0~watch: unsafe-perm in lifecycle true
9 verbose lifecycle cha5app@1.0.0~watch: PATH: C:\Program Files\nodejs\node_modules\npm\bin\node-gyp-bin;C:\Users\Lukas Obermann\Projekte\Cha5App\code\git\node_modules\.bin;C:\ProgramData\Oracle\Java\javapath;C:\WINDOWS\system32;C:\WINDOWS;C:\WINDOWS\System32\Wbem;C:\WINDOWS\System32\WindowsPowerShell\v1.0\;C:\Program Files (x86)\Windows Kits\10\Windows Performance Toolkit\;C:\Program Files\Microsoft\Web Platform Installer\;C:\Program Files\Microsoft SQL Server\120\Tools\Binn\;C:\Program Files (x86)\Brackets\command;C:\Program Files (x86)\QuickTime\QTSystem\;C:\Program Files (x86)\Skype\Phone\;C:\Program Files\nodejs\;C:\Program Files (x86)\PuTTY\;C:\Program Files\Git\cmd;C:\Ruby22-x64\bin;C:\Program Files (x86)\Microsoft VS Code\bin;C:\Users\Lukas Obermann\AppData\Roaming\npm;%USERPROFILE%\AppData\Local\Microsoft\WindowsApps;
10 verbose lifecycle cha5app@1.0.0~watch: CWD: C:\Users\Lukas Obermann\Projekte\Cha5App\code\git
11 silly lifecycle cha5app@1.0.0~watch: Args: [ '/d /s /c',
11 silly lifecycle   'watchify -t [babelify] js/AppBootstrap.js -o dist/bundle.js -v' ]
12 silly lifecycle cha5app@1.0.0~watch: Returned: code: 1  signal: null
13 info lifecycle cha5app@1.0.0~watch: Failed to exec watch script
14 verbose stack Error: cha5app@1.0.0 watch: `watchify -t [babelify] js/AppBootstrap.js -o dist/bundle.js -v`
14 verbose stack Exit status 1
14 verbose stack     at EventEmitter.<anonymous> (C:\Program Files\nodejs\node_modules\npm\lib\utils\lifecycle.js:255:16)
14 verbose stack     at emitTwo (events.js:106:13)
14 verbose stack     at EventEmitter.emit (events.js:191:7)
14 verbose stack     at ChildProcess.<anonymous> (C:\Program Files\nodejs\node_modules\npm\lib\utils\spawn.js:40:14)
14 verbose stack     at emitTwo (events.js:106:13)
14 verbose stack     at ChildProcess.emit (events.js:191:7)
14 verbose stack     at maybeClose (internal/child_process.js:877:16)
14 verbose stack     at Process.ChildProcess._handle.onexit (internal/child_process.js:226:5)
15 verbose pkgid cha5app@1.0.0
16 verbose cwd C:\Users\Lukas Obermann\Projekte\Cha5App\code\git
17 error Windows_NT 10.0.14393
18 error argv "C:\\Program Files\\nodejs\\node.exe" "C:\\Program Files\\nodejs\\node_modules\\npm\\bin\\npm-cli.js" "run" "watch"
19 error node v7.0.0
20 error npm  v3.10.8
21 error code ELIFECYCLE
22 error cha5app@1.0.0 watch: `watchify -t [babelify] js/AppBootstrap.js -o dist/bundle.js -v`
22 error Exit status 1
23 error Failed at the cha5app@1.0.0 watch script 'watchify -t [babelify] js/AppBootstrap.js -o dist/bundle.js -v'.
23 error Make sure you have the latest version of node.js and npm installed.
23 error If you do, this is most likely a problem with the cha5app package,
23 error not with npm itself.
23 error Tell the author that this fails on your system:
23 error     watchify -t [babelify] js/AppBootstrap.js -o dist/bundle.js -v
23 error You can get information on how to open an issue for this project with:
23 error     npm bugs cha5app
23 error Or if that isn't available, you can get their info via:
23 error     npm owner ls cha5app
23 error There is likely additional logging output above.
24 verbose exit [ 1, true ]
